{"timestamp":"2025-05-02T20:28:22.421957","level":"info","event":"DAG bundles loaded: dags-folder, example_dags","logger":"airflow.dag_processing.bundles.manager.DagBundlesManager"}
{"timestamp":"2025-05-02T20:28:22.422393","level":"info","event":"Filling up the DagBag from /home/ajinfrankj/airflow/dags/dag.py","logger":"airflow.models.dagbag.DagBag"}
{"timestamp":"2025-05-02T20:28:22.663753Z","level":"info","event":"Task instance is in running state","chan":"stdout","logger":"task"}
{"timestamp":"2025-05-02T20:28:22.663855Z","level":"info","event":" Previous state of the Task instance: queued","chan":"stdout","logger":"task"}
{"timestamp":"2025-05-02T20:28:22.663896Z","level":"info","event":"Current task name:extract_and_upload_gdc_methylation_data","chan":"stdout","logger":"task"}
{"timestamp":"2025-05-02T20:28:22.663929Z","level":"info","event":"Dag name:gdc_methylation_extraction_load_pipeline_client","chan":"stdout","logger":"task"}
{"timestamp":"2025-05-02T20:28:22.663959Z","level":"info","event":"Task: Querying GDC files endpoint for DNA Methylation data...","chan":"stdout","logger":"task"}
{"timestamp":"2025-05-02T20:28:22.857639Z","level":"info","event":"Task: Found 5 DNA Methylation files.","chan":"stdout","logger":"task"}
{"timestamp":"2025-05-02T20:28:22.857850Z","level":"info","event":"{'id': '025fb946-1d6f-47f6-a512-bbe674f9a09b', 'cases': [{'case_id': '56c07b06-c6d3-4c03-9e57-7be636e7cc5c', 'samples': [{'sample_id': '0cca0834-6f13-45b9-9d94-6f1dae090edb', 'submitter_id': 'HCM-BROD-0027-C34-85A', 'sample_type': 'Next Generation Cancer Model'}]}], 'file_name': '039b0d55-8f50-4832-abf3-6384c22edcc2.methylation_array.sesame.level3betas.txt', 'file_id': '025fb946-1d6f-47f6-a512-bbe674f9a09b'}","chan":"stdout","logger":"task"}
{"timestamp":"2025-05-02T20:28:22.857925Z","level":"info","event":"{'id': 'e704c728-465d-429e-acbc-a5b30c4cf3c4', 'cases': [{'case_id': 'f8a9aab0-6017-483d-b053-9393c6a5af2d', 'samples': [{'sample_id': 'b38ea180-86e6-4868-a124-3b18edfe201b', 'submitter_id': 'HCM-SANG-0265-C18-06A', 'sample_type': 'Metastatic'}]}], 'file_name': '903305dc-c3dd-423a-95e0-768b906fbc72_noid_Red.idat', 'file_id': 'e704c728-465d-429e-acbc-a5b30c4cf3c4'}","chan":"stdout","logger":"task"}
{"timestamp":"2025-05-02T20:28:22.857981Z","level":"info","event":"{'id': 'b12ac342-92fc-4ddf-ba8e-505108d06d72', 'cases': [{'case_id': '0df0db7a-b473-4643-9caf-a7c272c54c29', 'samples': [{'sample_id': '84aba9ee-e2f5-4e7f-bfba-3873dfe48eb4', 'submitter_id': 'HCM-CSHL-0248-C19-01A', 'sample_type': 'Primary Tumor'}]}], 'file_name': 'd74757ae-43a9-4f54-914b-ae2d65cec271_noid_Grn.idat', 'file_id': 'b12ac342-92fc-4ddf-ba8e-505108d06d72'}","chan":"stdout","logger":"task"}
{"timestamp":"2025-05-02T20:28:22.858040Z","level":"info","event":"{'id': 'b395aae4-f80c-48e0-8f1d-856f2fc09de6', 'cases': [{'case_id': 'f8a9aab0-6017-483d-b053-9393c6a5af2d', 'samples': [{'sample_id': 'b38ea180-86e6-4868-a124-3b18edfe201b', 'submitter_id': 'HCM-SANG-0265-C18-06A', 'sample_type': 'Metastatic'}]}], 'file_name': '903305dc-c3dd-423a-95e0-768b906fbc72.methylation_array.sesame.level3betas.txt', 'file_id': 'b395aae4-f80c-48e0-8f1d-856f2fc09de6'}","chan":"stdout","logger":"task"}
{"timestamp":"2025-05-02T20:28:22.858087Z","level":"info","event":"{'id': 'a74778e6-01a6-410f-9860-8c9321831f61', 'cases': [{'case_id': '0df0db7a-b473-4643-9caf-a7c272c54c29', 'samples': [{'sample_id': '84aba9ee-e2f5-4e7f-bfba-3873dfe48eb4', 'submitter_id': 'HCM-CSHL-0248-C19-01A', 'sample_type': 'Primary Tumor'}]}], 'file_name': 'd74757ae-43a9-4f54-914b-ae2d65cec271.methylation_array.sesame.level3betas.txt', 'file_id': 'a74778e6-01a6-410f-9860-8c9321831f61'}","chan":"stdout","logger":"task"}
{"timestamp":"2025-05-02T20:28:22.858139Z","level":"info","event":"Task: Found 3 unique cases associated with these files.","chan":"stdout","logger":"task"}
{"timestamp":"2025-05-02T20:28:22.858187Z","level":"info","event":"Task: Querying GDC cases endpoint for associated sample metadata...","chan":"stdout","logger":"task"}
{"timestamp":"2025-05-02T20:28:23.077424Z","level":"info","event":"Task: Retrieved metadata for 3 cases.","chan":"stdout","logger":"task"}
{"timestamp":"2025-05-02T20:28:23.077641Z","level":"info","event":"Task: Uploading combined metadata to gs://gdc_data_stage/gdc_methylation_metadata/2025-05-02/gdc_methylation_metadata_manual__2025-05-02T20:28:21.654785+00:00.jsonl","chan":"stdout","logger":"task"}
{"timestamp":"2025-05-02T20:28:23.438628Z","level":"info","event":"Task: Data uploaded successfully to gs://gdc_data_stage/gdc_methylation_metadata/2025-05-02/gdc_methylation_metadata_manual__2025-05-02T20:28:21.654785+00:00.jsonl","chan":"stdout","logger":"task"}
{"timestamp":"2025-05-02T20:28:23.438886","level":"info","event":"Done. Returned value was: None","logger":"airflow.task.operators.airflow.providers.standard.operators.python.PythonOperator"}
{"timestamp":"2025-05-02T20:28:23.469896Z","level":"info","event":"Task instance in success state","chan":"stdout","logger":"task"}
{"timestamp":"2025-05-02T20:28:23.469939Z","level":"info","event":" Previous state of the Task instance: running","chan":"stdout","logger":"task"}
{"timestamp":"2025-05-02T20:28:23.469975Z","level":"info","event":"Task operator:<Task(PythonOperator): extract_and_upload_gdc_methylation_data>","chan":"stdout","logger":"task"}
